>>> Starting Agent Boot Sequence...
[1/6] Checking User Account               [OK]
   ... Running as service user 'mission-user' (uid=1001)
[2/6] Verifying Environment Variables     [OK]
   ... All required Envs correct
[3/6] Checking Required Files             [OK]
   ... Verified 'secret.key' with correct key string.
[4/6] Checking Port Availability          [OK]
   ... Port 15034 is available.
[5/6] Verifying Log Permission            [OK]
   ... Log directory is writable: /app/logs
[6/6] Verifying Mission Environment       [OK]
   ... MEMORY_LIMIT=512MB, CPU_MAX_OCCUPY=50%, MULTI_THREAD_ENABLE=False
------------------------------------------------------------
All Boot Checks Passed!
Agent READY
2026-06-09 08:47:26,906 [INFO] [SafetyGuard] Process priority lowered (nice=10).
2026-06-09 08:47:26,912 [INFO] Agent listening at port 15034

==================================================
 [ Agent Initiate ] Resource Check 
==================================================
 [ MEMORY ] Limit: 512MB 		[ OK ]
 [ CPU    ] Limit: 50%  		[ OK ]
 [ THREAD ] Concurrency: False 		[ OK ]
--------------------------------------------------
 >>> SYSTEM STATUS: STABLE. STARTING WORKLOAD MONITORING...
==================================================

2026-06-09 08:47:28,924 [INFO] >>> Scenario Selected: [Healthy System Monitoring]

>>> [SYSTEM] ALL CONFIGURATIONS OPTIMAL. RUNNING STABILITY TEST... <<<

2026-06-09 08:47:28,925 [INFO] [Scheduler] Task Scheduler Initialized.
2026-06-09 08:47:28,925 [INFO] [Scheduler] Registered Tasks: ['Thread-A', 'Thread-B', 'Thread-C']
2026-06-09 08:47:28,926 [INFO] [Scheduler] Starting task execution...
2026-06-09 08:47:28,926 [INFO] [Thread-A] Task Started. Calculating... (20%)
2026-06-09 08:47:28,978 [INFO] [Thread-A] Calculating... (40%)
2026-06-09 08:47:29,030 [INFO] [Thread-A] Calculating... (60%)
2026-06-09 08:47:29,082 [INFO] [Thread-A] Calculating... (80%)
2026-06-09 08:47:29,134 [INFO] [Thread-A] Task Completed. (100%)
2026-06-09 08:47:29,186 [INFO] [Thread-B] Task Started. Calculating... (20%)
2026-06-09 08:47:29,238 [INFO] [Thread-B] Calculating... (40%)
2026-06-09 08:47:29,289 [INFO] [Thread-B] Calculating... (60%)
2026-06-09 08:47:29,341 [INFO] [Thread-B] Calculating... (80%)
2026-06-09 08:47:29,393 [INFO] [Thread-B] Task Completed. (100%)
2026-06-09 08:47:29,445 [INFO] [Thread-C] Task Started. Calculating... (20%)
2026-06-09 08:47:29,497 [INFO] [Thread-C] Calculating... (40%)
2026-06-09 08:47:29,549 [INFO] [Thread-C] Calculating... (60%)
2026-06-09 08:47:29,601 [INFO] [Thread-C] Calculating... (80%)
2026-06-09 08:47:29,653 [INFO] [Thread-C] Task Completed. (100%)
2026-06-09 08:47:29,704 [INFO] [Scheduler] All tasks completed.
2026-06-09 08:47:29,736 [INFO] [MemoryWorker] Current Heap: 25MB
2026-06-09 08:47:29,736 [INFO] [CpuWorker] Started. Maximum CPU Limit: 50%
2026-06-09 08:47:29,737 [INFO] [CpuWorker] Current Load: 5.00%
2026-06-09 08:47:32,790 [INFO] [MemoryWorker] Current Heap: 50MB
2026-06-09 08:47:32,856 [INFO] [CpuWorker] Current Load: 14.41%
2026-06-09 08:47:35,846 [INFO] [MemoryWorker] Current Heap: 75MB
2026-06-09 08:47:35,976 [INFO] [CpuWorker] Current Load: 22.88%
2026-06-09 08:47:38,901 [INFO] [MemoryWorker] Current Heap: 100MB
2026-06-09 08:47:39,096 [INFO] [CpuWorker] Current Load: 25.80%
2026-06-09 08:47:41,951 [INFO] [MemoryWorker] Current Heap: 125MB
2026-06-09 08:47:42,215 [INFO] [CpuWorker] Current Load: 30.47%
2026-06-09 08:47:44,999 [INFO] [MemoryWorker] Current Heap: 150MB
2026-06-09 08:47:45,331 [INFO] [CpuWorker] Current Load: 39.57%
2026-06-09 08:47:48,054 [INFO] [MemoryWorker] Current Heap: 175MB
2026-06-09 08:47:48,450 [INFO] [CpuWorker] Current Load: 48.08%
2026-06-09 08:47:51,107 [INFO] [MemoryWorker] Current Heap: 200MB
2026-06-09 08:47:51,571 [INFO] [CpuWorker] Current Load: 48.22%
2026-06-09 08:47:53,683 [INFO] [CpuWorker] Peak reached (50.00%). Starting cooldown...
2026-06-09 08:47:54,155 [INFO] [MemoryWorker] Current Heap: 225MB
2026-06-09 08:47:54,691 [INFO] [CpuWorker] Current Load: 50.00%
2026-06-09 08:47:57,177 [INFO] [MemoryWorker] Current Heap: 250MB
2026-06-09 08:47:57,812 [INFO] [CpuWorker] Current Load: 41.96%
2026-06-09 08:48:00,229 [INFO] [MemoryWorker] Current Heap: 275MB
2026-06-09 08:48:00,932 [INFO] [CpuWorker] Current Load: 33.10%
2026-06-09 08:48:03,283 [INFO] [MemoryWorker] Current Heap: 300MB
2026-06-09 08:48:04,052 [INFO] [CpuWorker] Current Load: 31.76%
2026-06-09 08:48:06,337 [INFO] [MemoryWorker] Current Heap: 325MB
2026-06-09 08:48:07,171 [INFO] [CpuWorker] Current Load: 27.90%
2026-06-09 08:48:09,391 [INFO] [MemoryWorker] Current Heap: 350MB
2026-06-09 08:48:10,290 [INFO] [CpuWorker] Current Load: 25.93%
2026-06-09 08:48:12,441 [INFO] [MemoryWorker] Current Heap: 375MB
2026-06-09 08:48:13,411 [INFO] [CpuWorker] Current Load: 21.86%
2026-06-09 08:48:15,496 [INFO] [MemoryWorker] Current Heap: 400MB
2026-06-09 08:48:16,530 [INFO] [CpuWorker] Current Load: 12.72%
2026-06-09 08:48:18,549 [INFO] [MemoryWorker] Current Heap: 425MB
2026-06-09 08:48:19,650 [INFO] [CpuWorker] Current Load: 5.39%
2026-06-09 08:48:21,603 [INFO] [MemoryWorker] Current Heap: 450MB
2026-06-09 08:48:21,764 [INFO] [CpuWorker] Cooldown complete (5.00%). Resuming load increase...
2026-06-09 08:48:22,771 [INFO] [CpuWorker] Current Load: 5.00%
2026-06-09 08:48:24,658 [INFO] [MemoryWorker] Current Heap: 475MB
2026-06-09 08:48:25,892 [INFO] [CpuWorker] Current Load: 8.97%
2026-06-09 08:48:27,711 [INFO] [MemoryWorker] Current Heap: 500MB
2026-06-09 08:48:29,012 [INFO] [CpuWorker] Current Load: 14.55%
2026-06-09 08:48:30,765 [INFO] [MemoryWorker] Current Heap: 525MB
2026-06-09 08:48:30,766 [WARNING] [MemoryWorker] Memory Usage Reached Limit (525MB). Starting cleanup...
2026-06-09 08:48:30,774 [INFO] [System] Memory Cache Flushed. Process Stabilized.

>>> [SYSTEM] MEMORY RECOVERED (Cache Cleared) <<<

2026-06-09 08:48:32,133 [INFO] [CpuWorker] Current Load: 14.93%
2026-06-09 08:48:35,253 [INFO] [CpuWorker] Current Load: 19.65%
2026-06-09 08:48:35,840 [INFO] [MemoryWorker] Current Heap: 25MB
2026-06-09 08:48:38,375 [INFO] [CpuWorker] Current Load: 28.16%
2026-06-09 08:48:38,894 [INFO] [MemoryWorker] Current Heap: 50MB
2026-06-09 08:48:41,494 [INFO] [CpuWorker] Current Load: 30.08%
2026-06-09 08:48:41,915 [INFO] [MemoryWorker] Current Heap: 75MB
2026-06-09 08:48:44,615 [INFO] [CpuWorker] Current Load: 30.73%
2026-06-09 08:48:44,937 [INFO] [MemoryWorker] Current Heap: 100MB
2026-06-09 08:48:47,735 [INFO] [CpuWorker] Current Load: 39.90%
2026-06-09 08:48:47,958 [INFO] [MemoryWorker] Current Heap: 125MB
2026-06-09 08:48:50,854 [INFO] [CpuWorker] Current Load: 41.97%
2026-06-09 08:48:51,012 [INFO] [MemoryWorker] Current Heap: 150MB
2026-06-09 08:48:53,974 [INFO] [CpuWorker] Current Load: 45.27%
2026-06-09 08:48:54,065 [INFO] [MemoryWorker] Current Heap: 175MB
2026-06-09 08:48:57,117 [INFO] [CpuWorker] Current Load: 46.38%
2026-06-09 08:48:57,124 [INFO] [MemoryWorker] Current Heap: 200MB
2026-06-09 08:48:59,231 [INFO] [CpuWorker] Peak reached (50.00%). Starting cooldown...
2026-06-09 08:49:00,177 [INFO] [MemoryWorker] Current Heap: 225MB
2026-06-09 08:49:00,238 [INFO] [CpuWorker] Current Load: 50.00%
2026-06-09 08:49:03,232 [INFO] [MemoryWorker] Current Heap: 250MB
2026-06-09 08:49:03,362 [INFO] [CpuWorker] Current Load: 48.28%
2026-06-09 08:49:06,282 [INFO] [MemoryWorker] Current Heap: 275MB
2026-06-09 08:49:06,480 [INFO] [CpuWorker] Current Load: 38.83%
