=== Monitor started at Tue Jun  9 08:44:23 UTC 2026 ===
LOG_FILE=logs/cpu_before_monitor.log
PORT=15034

[Tue Jun  9 08:44:23 UTC 2026] --- Monitor Snapshot ---
PROCESS: OK - agent-app-leak running with PID(s): 1374
   1374    1372 mission+  100  0.0  2080 R    ./agent-app-leak
PORT: WARN - 15034 is not listening

[Tue Jun  9 08:44:25 UTC 2026] --- Monitor Snapshot ---
PROCESS: OK - agent-app-leak running with PID(s): 1374
1385
   1374    1372 mission+  2.9  0.0  2212 S    ./agent-app-leak
   1385    1374 mission+  2.0  0.1 18468 SN   ./agent-app-leak
PORT: OK - 15034 is listening

[Tue Jun  9 08:44:27 UTC 2026] --- Monitor Snapshot ---
PROCESS: OK - agent-app-leak running with PID(s): 1374
1385
   1374    1372 mission+  1.4  0.0  2212 S    ./agent-app-leak
   1385    1374 mission+  1.0  0.1 18532 SN   ./agent-app-leak
PORT: OK - 15034 is listening

[Tue Jun  9 08:44:29 UTC 2026] --- Monitor Snapshot ---
PROCESS: OK - agent-app-leak running with PID(s): 1374
1385
   1374    1372 mission+  0.9  0.0  2212 S    ./agent-app-leak
   1385    1374 mission+  0.8  0.1 18532 SN   ./agent-app-leak
PORT: OK - 15034 is listening

[Tue Jun  9 08:44:31 UTC 2026] --- Monitor Snapshot ---
PROCESS: OK - agent-app-leak running with PID(s): 1374
1385
   1374    1372 mission+  0.7  0.0  2212 S    ./agent-app-leak
   1385    1374 mission+  0.6  0.1 18532 SN   ./agent-app-leak
PORT: OK - 15034 is listening

[Tue Jun  9 08:44:33 UTC 2026] --- Monitor Snapshot ---
PROCESS: OK - agent-app-leak running with PID(s): 1374
1385
   1374    1372 mission+  0.5  0.0  2212 S    ./agent-app-leak
   1385    1374 mission+  0.5  0.1 18532 SN   ./agent-app-leak
PORT: OK - 15034 is listening

[Tue Jun  9 08:44:35 UTC 2026] --- Monitor Snapshot ---
PROCESS: OK - agent-app-leak running with PID(s): 1374
1385
   1374    1372 mission+  0.4  0.0  2212 S    ./agent-app-leak
   1385    1374 mission+  0.6  0.1 18532 SN   ./agent-app-leak
PORT: OK - 15034 is listening

[Tue Jun  9 08:44:37 UTC 2026] --- Monitor Snapshot ---
PROCESS: OK - agent-app-leak running with PID(s): 1374
1385
   1374    1372 mission+  0.4  0.0  2212 S    ./agent-app-leak
   1385    1374 mission+  0.5  0.1 18532 SN   ./agent-app-leak
PORT: OK - 15034 is listening

[Tue Jun  9 08:44:39 UTC 2026] --- Monitor Snapshot ---
PROCESS: OK - agent-app-leak running with PID(s): 1374
1385
   1374    1372 mission+  0.3  0.0  2212 S    ./agent-app-leak
   1385    1374 mission+  0.7  0.1 18532 SN   ./agent-app-leak
PORT: OK - 15034 is listening

[Tue Jun  9 08:44:41 UTC 2026] --- Monitor Snapshot ---
PROCESS: OK - agent-app-leak running with PID(s): 1374
1385
   1374    1372 mission+  0.3  0.0  2212 S    ./agent-app-leak
   1385    1374 mission+  0.8  0.1 18532 SN   ./agent-app-leak
PORT: OK - 15034 is listening

[Tue Jun  9 08:44:43 UTC 2026] --- Monitor Snapshot ---
PROCESS: OK - agent-app-leak running with PID(s): 1374
1385
   1374    1372 mission+  0.2  0.0  2212 S    ./agent-app-leak
   1385    1374 mission+  0.7  0.1 18532 SN   ./agent-app-leak
PORT: OK - 15034 is listening

[Tue Jun  9 08:44:45 UTC 2026] --- Monitor Snapshot ---
PROCESS: OK - agent-app-leak running with PID(s): 1374
1385
   1374    1372 mission+  0.2  0.0  2212 S    ./agent-app-leak
   1385    1374 mission+  0.8  0.1 18532 SN   ./agent-app-leak
PORT: OK - 15034 is listening

[Tue Jun  9 08:44:47 UTC 2026] --- Monitor Snapshot ---
PROCESS: OK - agent-app-leak running with PID(s): 1374
1385
   1374    1372 mission+  0.2  0.0  2212 S    ./agent-app-leak
   1385    1374 mission+  0.8  0.1 18532 SN   ./agent-app-leak
PORT: OK - 15034 is listening

[Tue Jun  9 08:44:49 UTC 2026] --- Monitor Snapshot ---
PROCESS: OK - agent-app-leak running with PID(s): 1374
1385
   1374    1372 mission+  0.2  0.0  2212 S    ./agent-app-leak
   1385    1374 mission+  0.8  0.1 18532 SN   ./agent-app-leak
PORT: OK - 15034 is listening

[Tue Jun  9 08:44:51 UTC 2026] --- Monitor Snapshot ---
PROCESS: OK - agent-app-leak running with PID(s): 1374
1385
   1374    1372 mission+  0.2  0.0  2212 S    ./agent-app-leak
   1385    1374 mission+  0.9  0.1 18532 SN   ./agent-app-leak
PORT: OK - 15034 is listening

[Tue Jun  9 08:44:53 UTC 2026] --- Monitor Snapshot ---
PROCESS: OK - agent-app-leak running with PID(s): 1374
1385
   1374    1372 mission+  0.1  0.0  2212 S    ./agent-app-leak
   1385    1374 mission+  1.0  0.1 18532 SN   ./agent-app-leak
PORT: OK - 15034 is listening

