=== Monitor started at Tue Jun  9 08:47:26 UTC 2026 ===
LOG_FILE=logs/cpu_after_monitor.log
PORT=15034

[Tue Jun  9 08:47:26 UTC 2026] --- Monitor Snapshot ---
PROCESS: OK - agent-app-leak running with PID(s): 1553
   1553    1552 mission+  100  0.0  2088 R+   ./agent-app-leak
PORT: WARN - 15034 is not listening

[Tue Jun  9 08:47:28 UTC 2026] --- Monitor Snapshot ---
PROCESS: OK - agent-app-leak running with PID(s): 1553
1564
   1553    1552 mission+  4.4  0.0  2156 S+   ./agent-app-leak
   1564    1553 mission+  3.0  0.1 18416 SN+  ./agent-app-leak
PORT: OK - 15034 is listening

[Tue Jun  9 08:47:30 UTC 2026] --- Monitor Snapshot ---
PROCESS: OK - agent-app-leak running with PID(s): 1553
1564
   1553    1552 mission+  2.2  0.0  2156 S+   ./agent-app-leak
   1564    1553 mission+  2.7  0.2 44308 SNl+ ./agent-app-leak
PORT: OK - 15034 is listening

[Tue Jun  9 08:47:32 UTC 2026] --- Monitor Snapshot ---
PROCESS: OK - agent-app-leak running with PID(s): 1553
1564
   1553    1552 mission+  1.4  0.0  2156 S+   ./agent-app-leak
   1564    1553 mission+  2.5  0.4 69912 SNl+ ./agent-app-leak
PORT: OK - 15034 is listening

[Tue Jun  9 08:47:34 UTC 2026] --- Monitor Snapshot ---
PROCESS: OK - agent-app-leak running with PID(s): 1553
1564
   1553    1552 mission+  1.1  0.0  2156 S+   ./agent-app-leak
   1564    1553 mission+  1.9  0.4 69912 SNl+ ./agent-app-leak
PORT: OK - 15034 is listening

[Tue Jun  9 08:47:36 UTC 2026] --- Monitor Snapshot ---
PROCESS: OK - agent-app-leak running with PID(s): 1553
1564
   1553    1552 mission+  0.8  0.0  2156 S+   ./agent-app-leak
   1564    1553 mission+  2.1  0.5 95516 SNl+ ./agent-app-leak
PORT: OK - 15034 is listening

[Tue Jun  9 08:47:38 UTC 2026] --- Monitor Snapshot ---
PROCESS: OK - agent-app-leak running with PID(s): 1553
1564
   1553    1552 mission+  0.7  0.0  2156 S+   ./agent-app-leak
   1564    1553 mission+  2.0  0.6 112496 SNl+ ./agent-app-leak
PORT: OK - 15034 is listening

[Tue Jun  9 08:47:40 UTC 2026] --- Monitor Snapshot ---
PROCESS: OK - agent-app-leak running with PID(s): 1553
1564
   1553    1552 mission+  0.6  0.0  2156 S+   ./agent-app-leak
   1564    1553 mission+  1.9  0.7 121120 SNl+ ./agent-app-leak
PORT: OK - 15034 is listening

[Tue Jun  9 08:47:42 UTC 2026] --- Monitor Snapshot ---
PROCESS: OK - agent-app-leak running with PID(s): 1553
1564
   1553    1552 mission+  0.5  0.0  2156 S+   ./agent-app-leak
   1564    1553 mission+  2.2  0.8 146724 SNl+ ./agent-app-leak
PORT: OK - 15034 is listening

[Tue Jun  9 08:47:44 UTC 2026] --- Monitor Snapshot ---
PROCESS: OK - agent-app-leak running with PID(s): 1553
1564
   1553    1552 mission+  0.4  0.0  2156 S+   ./agent-app-leak
   1564    1553 mission+  1.9  0.8 146724 SNl+ ./agent-app-leak
PORT: OK - 15034 is listening

[Tue Jun  9 08:47:46 UTC 2026] --- Monitor Snapshot ---
PROCESS: OK - agent-app-leak running with PID(s): 1553
1564
   1553    1552 mission+  0.4  0.0  2156 S+   ./agent-app-leak
   1564    1553 mission+  2.1  1.0 172328 SNl+ ./agent-app-leak
PORT: OK - 15034 is listening

[Tue Jun  9 08:47:48 UTC 2026] --- Monitor Snapshot ---
PROCESS: OK - agent-app-leak running with PID(s): 1553
1564
   1553    1552 mission+  0.4  0.0  2156 S+   ./agent-app-leak
   1564    1553 mission+  2.3  1.2 197932 SNl+ ./agent-app-leak
PORT: OK - 15034 is listening

[Tue Jun  9 08:47:50 UTC 2026] --- Monitor Snapshot ---
PROCESS: OK - agent-app-leak running with PID(s): 1553
1564
   1553    1552 mission+  0.3  0.0  2156 S+   ./agent-app-leak
   1564    1553 mission+  2.1  1.2 197932 SNl+ ./agent-app-leak
PORT: OK - 15034 is listening

[Tue Jun  9 08:47:53 UTC 2026] --- Monitor Snapshot ---
PROCESS: OK - agent-app-leak running with PID(s): 1553
1564
   1553    1552 mission+  0.3  0.0  2156 S+   ./agent-app-leak
   1564    1553 mission+  2.3  1.3 223536 SNl+ ./agent-app-leak
PORT: OK - 15034 is listening

[Tue Jun  9 08:47:55 UTC 2026] --- Monitor Snapshot ---
PROCESS: OK - agent-app-leak running with PID(s): 1553
1564
   1553    1552 mission+  0.3  0.0  2156 S+   ./agent-app-leak
   1564    1553 mission+  2.4  1.5 249140 SNl+ ./agent-app-leak
PORT: OK - 15034 is listening

[Tue Jun  9 08:47:57 UTC 2026] --- Monitor Snapshot ---
PROCESS: OK - agent-app-leak running with PID(s): 1553
1564
   1553    1552 mission+  0.2  0.0  2156 S+   ./agent-app-leak
   1564    1553 mission+  2.2  1.5 249140 SNl+ ./agent-app-leak
PORT: OK - 15034 is listening

[Tue Jun  9 08:47:59 UTC 2026] --- Monitor Snapshot ---
PROCESS: OK - agent-app-leak running with PID(s): 1553
1564
   1553    1552 mission+  0.2  0.0  2156 S+   ./agent-app-leak
   1564    1553 mission+  2.3  1.6 274744 SNl+ ./agent-app-leak
PORT: OK - 15034 is listening

[Tue Jun  9 08:48:01 UTC 2026] --- Monitor Snapshot ---
PROCESS: OK - agent-app-leak running with PID(s): 1553
1564
   1553    1552 mission+  0.2  0.0  2156 S+   ./agent-app-leak
   1564    1553 mission+  2.3  1.8 300348 SNl+ ./agent-app-leak
PORT: OK - 15034 is listening

[Tue Jun  9 08:48:03 UTC 2026] --- Monitor Snapshot ---
PROCESS: OK - agent-app-leak running with PID(s): 1553
1564
   1553    1552 mission+  0.2  0.0  2156 S+   ./agent-app-leak
   1564    1553 mission+  2.2  1.8 300348 SNl+ ./agent-app-leak
PORT: OK - 15034 is listening

[Tue Jun  9 08:48:05 UTC 2026] --- Monitor Snapshot ---
PROCESS: OK - agent-app-leak running with PID(s): 1553
1564
   1553    1552 mission+  0.2  0.0  2156 S+   ./agent-app-leak
   1564    1553 mission+  2.2  1.9 325952 SNl+ ./agent-app-leak
PORT: OK - 15034 is listening

[Tue Jun  9 08:48:07 UTC 2026] --- Monitor Snapshot ---
PROCESS: OK - agent-app-leak running with PID(s): 1553
1564
   1553    1552 mission+  0.2  0.0  2156 S+   ./agent-app-leak
   1564    1553 mission+  2.2  2.1 351556 SNl+ ./agent-app-leak
PORT: OK - 15034 is listening

[Tue Jun  9 08:48:09 UTC 2026] --- Monitor Snapshot ---
PROCESS: OK - agent-app-leak running with PID(s): 1553
1564
   1553    1552 mission+  0.2  0.0  2156 S+   ./agent-app-leak
   1564    1553 mission+  2.2  2.1 351556 SNl+ ./agent-app-leak
PORT: OK - 15034 is listening

[Tue Jun  9 08:48:11 UTC 2026] --- Monitor Snapshot ---
PROCESS: OK - agent-app-leak running with PID(s): 1553
1564
   1553    1552 mission+  0.2  0.0  2156 S+   ./agent-app-leak
   1564    1553 mission+  2.2  2.2 377160 SNl+ ./agent-app-leak
PORT: OK - 15034 is listening

[Tue Jun  9 08:48:13 UTC 2026] --- Monitor Snapshot ---
PROCESS: OK - agent-app-leak running with PID(s): 1553
1564
   1553    1552 mission+  0.1  0.0  2156 S+   ./agent-app-leak
   1564    1553 mission+  2.2  2.4 402764 SNl+ ./agent-app-leak
PORT: OK - 15034 is listening

[Tue Jun  9 08:48:15 UTC 2026] --- Monitor Snapshot ---
PROCESS: OK - agent-app-leak running with PID(s): 1553
1564
   1553    1552 mission+  0.1  0.0  2156 S+   ./agent-app-leak
   1564    1553 mission+  2.2  2.4 402764 SNl+ ./agent-app-leak
PORT: OK - 15034 is listening

[Tue Jun  9 08:48:17 UTC 2026] --- Monitor Snapshot ---
PROCESS: OK - agent-app-leak running with PID(s): 1553
1564
   1553    1552 mission+  0.1  0.0  2156 S+   ./agent-app-leak
   1564    1553 mission+  2.2  2.6 428368 SNl+ ./agent-app-leak
PORT: OK - 15034 is listening

[Tue Jun  9 08:48:19 UTC 2026] --- Monitor Snapshot ---
PROCESS: OK - agent-app-leak running with PID(s): 1553
1564
   1553    1552 mission+  0.1  0.0  2156 S+   ./agent-app-leak
   1564    1553 mission+  2.2  2.7 453972 SNl+ ./agent-app-leak
PORT: OK - 15034 is listening

[Tue Jun  9 08:48:21 UTC 2026] --- Monitor Snapshot ---
PROCESS: OK - agent-app-leak running with PID(s): 1553
1564
   1553    1552 mission+  0.1  0.0  2156 S+   ./agent-app-leak
   1564    1553 mission+  2.1  2.7 453972 SNl+ ./agent-app-leak
PORT: OK - 15034 is listening

[Tue Jun  9 08:48:23 UTC 2026] --- Monitor Snapshot ---
PROCESS: OK - agent-app-leak running with PID(s): 1553
1564
   1553    1552 mission+  0.1  0.0  2156 S+   ./agent-app-leak
   1564    1553 mission+  2.1  2.9 479576 SNl+ ./agent-app-leak
PORT: OK - 15034 is listening

[Tue Jun  9 08:48:25 UTC 2026] --- Monitor Snapshot ---
PROCESS: OK - agent-app-leak running with PID(s): 1553
1564
   1553    1552 mission+  0.1  0.0  2156 S+   ./agent-app-leak
   1564    1553 mission+  2.1  3.0 505180 SNl+ ./agent-app-leak
PORT: OK - 15034 is listening

[Tue Jun  9 08:48:27 UTC 2026] --- Monitor Snapshot ---
PROCESS: OK - agent-app-leak running with PID(s): 1553
1564
   1553    1552 mission+  0.1  0.0  2156 S+   ./agent-app-leak
   1564    1553 mission+  2.0  3.0 505180 SNl+ ./agent-app-leak
PORT: OK - 15034 is listening

[Tue Jun  9 08:48:29 UTC 2026] --- Monitor Snapshot ---
PROCESS: OK - agent-app-leak running with PID(s): 1553
1564
   1553    1552 mission+  0.1  0.0  2156 S+   ./agent-app-leak
   1564    1553 mission+  2.0  3.2 530784 SNl+ ./agent-app-leak
PORT: OK - 15034 is listening

[Tue Jun  9 08:48:31 UTC 2026] --- Monitor Snapshot ---
PROCESS: OK - agent-app-leak running with PID(s): 1553
1564
   1553    1552 mission+  0.1  0.0  2156 S+   ./agent-app-leak
   1564    1553 mission+  2.1  0.1 18704 SNl+ ./agent-app-leak
PORT: OK - 15034 is listening

[Tue Jun  9 08:48:33 UTC 2026] --- Monitor Snapshot ---
PROCESS: OK - agent-app-leak running with PID(s): 1553
1564
   1553    1552 mission+  0.1  0.0  2156 S+   ./agent-app-leak
   1564    1553 mission+  2.0  0.1 18704 SNl+ ./agent-app-leak
PORT: OK - 15034 is listening

[Tue Jun  9 08:48:35 UTC 2026] --- Monitor Snapshot ---
PROCESS: OK - agent-app-leak running with PID(s): 1553
1564
   1553    1552 mission+  0.1  0.0  2156 S+   ./agent-app-leak
   1564    1553 mission+  2.0  0.1 18704 SNl+ ./agent-app-leak
PORT: OK - 15034 is listening

[Tue Jun  9 08:48:37 UTC 2026] --- Monitor Snapshot ---
PROCESS: OK - agent-app-leak running with PID(s): 1553
1564
   1553    1552 mission+  0.1  0.0  2156 S+   ./agent-app-leak
   1564    1553 mission+  2.0  0.2 44296 SNl+ ./agent-app-leak
PORT: OK - 15034 is listening

[Tue Jun  9 08:48:39 UTC 2026] --- Monitor Snapshot ---
PROCESS: OK - agent-app-leak running with PID(s): 1553
1564
   1553    1552 mission+  0.1  0.0  2156 S+   ./agent-app-leak
   1564    1553 mission+  2.0  0.4 69896 SNl+ ./agent-app-leak
PORT: OK - 15034 is listening

[Tue Jun  9 08:48:41 UTC 2026] --- Monitor Snapshot ---
PROCESS: OK - agent-app-leak running with PID(s): 1553
1564
   1553    1552 mission+  0.1  0.0  2044 S+   ./agent-app-leak
   1564    1553 mission+  2.0  0.3 63196 SNl+ ./agent-app-leak
PORT: OK - 15034 is listening

[Tue Jun  9 08:48:43 UTC 2026] --- Monitor Snapshot ---
PROCESS: OK - agent-app-leak running with PID(s): 1553
1564
   1553    1552 mission+  0.1  0.0  2044 S+   ./agent-app-leak
   1564    1553 mission+  2.0  0.5 88812 SNl+ ./agent-app-leak
PORT: OK - 15034 is listening

[Tue Jun  9 08:48:45 UTC 2026] --- Monitor Snapshot ---
PROCESS: OK - agent-app-leak running with PID(s): 1553
1564
   1553    1552 mission+  0.1  0.0  2044 S+   ./agent-app-leak
   1564    1553 mission+  1.9  0.6 114400 SNl+ ./agent-app-leak
PORT: OK - 15034 is listening

[Tue Jun  9 08:48:47 UTC 2026] --- Monitor Snapshot ---
PROCESS: OK - agent-app-leak running with PID(s): 1553
1564
   1553    1552 mission+  0.1  0.0  2044 S+   ./agent-app-leak
   1564    1553 mission+  1.9  0.6 114400 SNl+ ./agent-app-leak
PORT: OK - 15034 is listening

[Tue Jun  9 08:48:49 UTC 2026] --- Monitor Snapshot ---
PROCESS: OK - agent-app-leak running with PID(s): 1553
1564
   1553    1552 mission+  0.1  0.0  2044 S+   ./agent-app-leak
   1564    1553 mission+  1.9  0.8 140016 SNl+ ./agent-app-leak
PORT: OK - 15034 is listening

[Tue Jun  9 08:48:51 UTC 2026] --- Monitor Snapshot ---
PROCESS: OK - agent-app-leak running with PID(s): 1553
1564
   1553    1552 mission+  0.1  0.0  2044 S+   ./agent-app-leak
   1564    1553 mission+  1.9  1.0 165604 SNl+ ./agent-app-leak
PORT: OK - 15034 is listening

[Tue Jun  9 08:48:53 UTC 2026] --- Monitor Snapshot ---
PROCESS: OK - agent-app-leak running with PID(s): 1553
1564
   1553    1552 mission+  0.1  0.0  2044 S+   ./agent-app-leak
   1564    1553 mission+  1.9  1.0 165604 SNl+ ./agent-app-leak
PORT: OK - 15034 is listening

[Tue Jun  9 08:48:55 UTC 2026] --- Monitor Snapshot ---
PROCESS: OK - agent-app-leak running with PID(s): 1553
1564
   1553    1552 mission+  0.1  0.0  2044 S+   ./agent-app-leak
   1564    1553 mission+  2.0  1.1 191220 SNl+ ./agent-app-leak
PORT: OK - 15034 is listening

[Tue Jun  9 08:48:57 UTC 2026] --- Monitor Snapshot ---
PROCESS: OK - agent-app-leak running with PID(s): 1553
1564
   1553    1552 mission+  0.0  0.0  2044 S+   ./agent-app-leak
   1564    1553 mission+  2.0  1.3 216808 SNl+ ./agent-app-leak
PORT: OK - 15034 is listening

[Tue Jun  9 08:48:59 UTC 2026] --- Monitor Snapshot ---
PROCESS: OK - agent-app-leak running with PID(s): 1553
1564
   1553    1552 mission+  0.0  0.0  2044 S+   ./agent-app-leak
   1564    1553 mission+  2.0  1.3 216808 SNl+ ./agent-app-leak
PORT: OK - 15034 is listening

[Tue Jun  9 08:49:01 UTC 2026] --- Monitor Snapshot ---
PROCESS: OK - agent-app-leak running with PID(s): 1553
1564
   1553    1552 mission+  0.0  0.0  2044 S+   ./agent-app-leak
   1564    1553 mission+  2.0  1.4 242436 SNl+ ./agent-app-leak
PORT: OK - 15034 is listening

[Tue Jun  9 08:49:03 UTC 2026] --- Monitor Snapshot ---
PROCESS: OK - agent-app-leak running with PID(s): 1553
1564
   1553    1552 mission+  0.0  0.0  2044 S+   ./agent-app-leak
   1564    1553 mission+  2.1  1.6 268024 SNl+ ./agent-app-leak
PORT: OK - 15034 is listening

[Tue Jun  9 08:49:05 UTC 2026] --- Monitor Snapshot ---
PROCESS: OK - agent-app-leak running with PID(s): 1553
1564
   1553    1552 mission+  0.0  0.0  2044 S+   ./agent-app-leak
   1564    1553 mission+  2.0  1.6 268024 SNl+ ./agent-app-leak
PORT: OK - 15034 is listening

