>>> Starting Agent Boot Sequence...
[1/6] Checking User Account               [OK]
   ... Running as service user 'mission-user' (uid=1001)
[2/6] Verifying Environment Variables     [OK]
   ... All required Envs correct
[3/6] Checking Required Files             [OK]
   ... Verified 'secret.key' with correct key string.
[4/6] Checking Port Availability          [OK]
   ... Port 15034 is available.
[5/6] Verifying Log Permission            [OK]
   ... Log directory is writable: /app/logs
[6/6] Verifying Mission Environment       [OK]
   ... MEMORY_LIMIT=512MB, CPU_MAX_OCCUPY=80%, MULTI_THREAD_ENABLE=False
------------------------------------------------------------
All Boot Checks Passed!
Agent READY
2026-06-09 08:44:23,271 [INFO] [SafetyGuard] Process priority lowered (nice=10).
2026-06-09 08:44:23,271 [INFO] Agent listening at port 15034

==================================================
 [ Agent Initiate ] Resource Check 
==================================================
 [ MEMORY ] Limit: 512MB 		[ OK ]
 [ CPU    ] Limit: 80%  		[ WARNING: Recommend Under 50% ]
 [ THREAD ] Concurrency: False 		[ OK ]
--------------------------------------------------
 >>> SYSTEM STATUS: STABLE. STARTING WORKLOAD MONITORING...
==================================================

2026-06-09 08:44:25,283 [INFO] [CpuWorker] Started. Maximum CPU Limit: 80%
2026-06-09 08:44:25,283 [INFO] [CpuWorker] Current Load: 5.00%
2026-06-09 08:44:28,405 [INFO] [CpuWorker] Current Load: 7.64%
2026-06-09 08:44:31,527 [INFO] [CpuWorker] Current Load: 12.22%
2026-06-09 08:44:34,648 [INFO] [CpuWorker] Current Load: 19.35%
2026-06-09 08:44:37,769 [INFO] [CpuWorker] Current Load: 25.78%
2026-06-09 08:44:40,890 [INFO] [CpuWorker] Current Load: 26.58%
2026-06-09 08:44:44,013 [INFO] [CpuWorker] Current Load: 32.50%
2026-06-09 08:44:47,135 [INFO] [CpuWorker] Current Load: 34.07%
2026-06-09 08:44:50,259 [INFO] [CpuWorker] Current Load: 42.80%
2026-06-09 08:44:53,382 [INFO] [CpuWorker] Current Load: 51.29%
2026-06-09 08:44:53,484 [CRITICAL] [CpuWorker] CPU Threshold Violated! (51.29%).
