=== Monitor started at Tue Jun  9 08:37:05 UTC 2026 ===
LOG_FILE=logs/deadlock_before_monitor.log
PORT=15034

[Tue Jun  9 08:37:05 UTC 2026] --- Monitor Snapshot ---
PROCESS: OK - agent-app-leak running with PID(s): 963
    963     504 mission+  0.0  0.0  2092 R    ./agent-app-leak
PORT: WARN - 15034 is not listening

[Tue Jun  9 08:37:07 UTC 2026] --- Monitor Snapshot ---
PROCESS: OK - agent-app-leak running with PID(s): 963
975
    963     504 mission+  4.4  0.0  2224 S    ./agent-app-leak
    975     963 mission+  2.5  0.1 18464 SN   ./agent-app-leak
PORT: OK - 15034 is listening

[Tue Jun  9 08:37:09 UTC 2026] --- Monitor Snapshot ---
PROCESS: OK - agent-app-leak running with PID(s): 963
975
    963     504 mission+  2.2  0.0  2224 S    ./agent-app-leak
    975     963 mission+  1.2  0.1 18464 SN   ./agent-app-leak
PORT: OK - 15034 is listening

[Tue Jun  9 08:37:11 UTC 2026] --- Monitor Snapshot ---
PROCESS: OK - agent-app-leak running with PID(s): 963
975
    963     504 mission+  1.4  0.0  2224 S    ./agent-app-leak
    975     963 mission+  0.8  0.1 18464 SN   ./agent-app-leak
PORT: OK - 15034 is listening

[Tue Jun  9 08:37:13 UTC 2026] --- Monitor Snapshot ---
PROCESS: OK - agent-app-leak running with PID(s): 963
975
    963     504 mission+  1.1  0.0  2224 S    ./agent-app-leak
    975     963 mission+  0.6  0.1 18544 SNl  ./agent-app-leak
PORT: OK - 15034 is listening

[Tue Jun  9 08:37:15 UTC 2026] --- Monitor Snapshot ---
PROCESS: OK - agent-app-leak running with PID(s): 963
975
    963     504 mission+  0.8  0.0  2224 S    ./agent-app-leak
    975     963 mission+  0.5  0.1 18544 SNl  ./agent-app-leak
PORT: OK - 15034 is listening

[Tue Jun  9 08:37:17 UTC 2026] --- Monitor Snapshot ---
PROCESS: OK - agent-app-leak running with PID(s): 963
975
    963     504 mission+  0.7  0.0  2224 S    ./agent-app-leak
    975     963 mission+  0.4  0.1 18544 SNl  ./agent-app-leak
PORT: OK - 15034 is listening

[Tue Jun  9 08:37:19 UTC 2026] --- Monitor Snapshot ---
PROCESS: OK - agent-app-leak running with PID(s): 963
975
    963     504 mission+  0.6  0.0  2224 S    ./agent-app-leak
    975     963 mission+  0.4  0.1 18544 SNl  ./agent-app-leak
PORT: OK - 15034 is listening

[Tue Jun  9 08:37:21 UTC 2026] --- Monitor Snapshot ---
PROCESS: OK - agent-app-leak running with PID(s): 963
975
    963     504 mission+  0.5  0.0  2224 S    ./agent-app-leak
    975     963 mission+  0.3  0.1 18544 SNl  ./agent-app-leak
PORT: OK - 15034 is listening

[Tue Jun  9 08:37:23 UTC 2026] --- Monitor Snapshot ---
PROCESS: OK - agent-app-leak running with PID(s): 963
975
    963     504 mission+  0.4  0.0  2224 S    ./agent-app-leak
    975     963 mission+  0.3  0.1 18544 SNl  ./agent-app-leak
PORT: OK - 15034 is listening

[Tue Jun  9 08:37:25 UTC 2026] --- Monitor Snapshot ---
PROCESS: OK - agent-app-leak running with PID(s): 963
975
    963     504 mission+  0.4  0.0  2224 S    ./agent-app-leak
    975     963 mission+  0.2  0.1 18544 SNl  ./agent-app-leak
PORT: OK - 15034 is listening

[Tue Jun  9 08:37:27 UTC 2026] --- Monitor Snapshot ---
PROCESS: OK - agent-app-leak running with PID(s): 963
975
    963     504 mission+  0.4  0.0  2224 S    ./agent-app-leak
    975     963 mission+  0.2  0.1 18544 SNl  ./agent-app-leak
PORT: OK - 15034 is listening

[Tue Jun  9 08:37:29 UTC 2026] --- Monitor Snapshot ---
PROCESS: OK - agent-app-leak running with PID(s): 963
975
    963     504 mission+  0.3  0.0  2224 S    ./agent-app-leak
    975     963 mission+  0.2  0.1 18544 SNl  ./agent-app-leak
PORT: OK - 15034 is listening

[Tue Jun  9 08:37:31 UTC 2026] --- Monitor Snapshot ---
PROCESS: OK - agent-app-leak running with PID(s): 963
975
    963     504 mission+  0.3  0.0  2224 S    ./agent-app-leak
    975     963 mission+  0.2  0.1 18544 SNl  ./agent-app-leak
PORT: OK - 15034 is listening

