>>> Starting Agent Boot Sequence...
[1/6] Checking User Account               [OK]
   ... Running as service user 'mission-user' (uid=1001)
[2/6] Verifying Environment Variables     [OK]
   ... All required Envs correct
[3/6] Checking Required Files             [OK]
   ... Verified 'secret.key' with correct key string.
[4/6] Checking Port Availability          [OK]
   ... Port 15034 is available.
[5/6] Verifying Log Permission            [OK]
   ... Log directory is writable: /app/logs
[6/6] Verifying Mission Environment       [OK]
   ... MEMORY_LIMIT=100MB, CPU_MAX_OCCUPY=20%, MULTI_THREAD_ENABLE=False
------------------------------------------------------------
All Boot Checks Passed!
Agent READY
2026-06-09 08:31:40,199 [INFO] [SafetyGuard] Process priority lowered (nice=10).
2026-06-09 08:31:40,199 [INFO] Agent listening at port 15034

==================================================
 [ Agent Initiate ] Resource Check 
==================================================
 [ MEMORY ] Limit: 100MB 		[ WARNING: Recommend Over 256MB ]
 [ CPU    ] Limit: 20%  		[ OK ]
 [ THREAD ] Concurrency: False 		[ OK ]
--------------------------------------------------
 >>> SYSTEM STATUS: STABLE. STARTING WORKLOAD MONITORING...
==================================================

2026-06-09 08:31:42,248 [INFO] [MemoryWorker] Current Heap: 25MB
2026-06-09 08:31:45,302 [INFO] [MemoryWorker] Current Heap: 50MB
2026-06-09 08:31:48,356 [INFO] [MemoryWorker] Current Heap: 75MB
2026-06-09 08:31:51,410 [INFO] [MemoryWorker] Current Heap: 100MB
2026-06-09 08:31:51,410 [CRITICAL] [MemoryGuard] Memory limit exceeded (100MB >= 100MB) / (Recommend Over 256MB)
2026-06-09 08:31:51,410 [CRITICAL] [MemoryGuard] Self-terminating process 531 to prevent system instability.
