=== Monitor started at Tue Jun  9 08:33:18 UTC 2026 ===
LOG_FILE=logs/oom_after_monitor.log
PORT=15034

[Tue Jun  9 08:33:18 UTC 2026] --- Monitor Snapshot ---
PROCESS: OK - agent-app-leak running with PID(s): 585
    585     584 mission+ 50.0  0.0  2116 R+   ./agent-app-leak
PORT: WARN - 15034 is not listening

[Tue Jun  9 08:33:20 UTC 2026] --- Monitor Snapshot ---
PROCESS: OK - agent-app-leak running with PID(s): 585
596
    585     584 mission+  4.9  0.0  2184 S+   ./agent-app-leak
    596     585 mission+  2.0  0.1 18424 SN+  ./agent-app-leak
PORT: OK - 15034 is listening

[Tue Jun  9 08:33:22 UTC 2026] --- Monitor Snapshot ---
PROCESS: OK - agent-app-leak running with PID(s): 585
596
    585     584 mission+  2.4  0.0  2184 S+   ./agent-app-leak
    596     585 mission+  2.2  0.2 44316 SNl+ ./agent-app-leak
PORT: OK - 15034 is listening

[Tue Jun  9 08:33:24 UTC 2026] --- Monitor Snapshot ---
PROCESS: OK - agent-app-leak running with PID(s): 585
596
    585     584 mission+  1.6  0.0  2184 S+   ./agent-app-leak
    596     585 mission+  2.1  0.4 69920 SNl+ ./agent-app-leak
PORT: OK - 15034 is listening

[Tue Jun  9 08:33:26 UTC 2026] --- Monitor Snapshot ---
PROCESS: OK - agent-app-leak running with PID(s): 585
596
    585     584 mission+  1.2  0.0  2184 S+   ./agent-app-leak
    596     585 mission+  1.7  0.4 69920 SNl+ ./agent-app-leak
PORT: OK - 15034 is listening

[Tue Jun  9 08:33:28 UTC 2026] --- Monitor Snapshot ---
PROCESS: OK - agent-app-leak running with PID(s): 585
596
    585     584 mission+  0.9  0.0  2184 S+   ./agent-app-leak
    596     585 mission+  1.8  0.5 95524 SNl+ ./agent-app-leak
PORT: OK - 15034 is listening

[Tue Jun  9 08:33:30 UTC 2026] --- Monitor Snapshot ---
PROCESS: OK - agent-app-leak running with PID(s): 585
596
    585     584 mission+  0.8  0.0  2184 S+   ./agent-app-leak
    596     585 mission+  1.8  0.7 115968 SNl+ ./agent-app-leak
PORT: OK - 15034 is listening

[Tue Jun  9 08:33:32 UTC 2026] --- Monitor Snapshot ---
PROCESS: OK - agent-app-leak running with PID(s): 585
596
    585     584 mission+  0.7  0.0  2184 S+   ./agent-app-leak
    596     585 mission+  1.7  0.7 121128 SNl+ ./agent-app-leak
PORT: OK - 15034 is listening

[Tue Jun  9 08:33:34 UTC 2026] --- Monitor Snapshot ---
PROCESS: OK - agent-app-leak running with PID(s): 585
596
    585     584 mission+  0.6  0.0  2184 S+   ./agent-app-leak
    596     585 mission+  1.7  0.8 146732 SNl+ ./agent-app-leak
PORT: OK - 15034 is listening

[Tue Jun  9 08:33:36 UTC 2026] --- Monitor Snapshot ---
PROCESS: OK - agent-app-leak running with PID(s): 585
596
    585     584 mission+  0.5  0.0  2184 S+   ./agent-app-leak
    596     585 mission+  1.5  0.8 146732 SNl+ ./agent-app-leak
PORT: OK - 15034 is listening

[Tue Jun  9 08:33:38 UTC 2026] --- Monitor Snapshot ---
PROCESS: OK - agent-app-leak running with PID(s): 585
596
    585     584 mission+  0.4  0.0  2184 S+   ./agent-app-leak
    596     585 mission+  1.6  1.0 172336 SNl+ ./agent-app-leak
PORT: OK - 15034 is listening

[Tue Jun  9 08:33:40 UTC 2026] --- Monitor Snapshot ---
PROCESS: OK - agent-app-leak running with PID(s): 585
596
    585     584 mission+  0.4  0.0  2184 S+   ./agent-app-leak
    596     585 mission+  1.7  1.2 197940 SNl+ ./agent-app-leak
PORT: OK - 15034 is listening

[Tue Jun  9 08:33:42 UTC 2026] --- Monitor Snapshot ---
PROCESS: OK - agent-app-leak running with PID(s): 585
596
    585     584 mission+  0.4  0.0  2184 S+   ./agent-app-leak
    596     585 mission+  1.6  1.2 197940 SNl+ ./agent-app-leak
PORT: OK - 15034 is listening

[Tue Jun  9 08:33:44 UTC 2026] --- Monitor Snapshot ---
PROCESS: OK - agent-app-leak running with PID(s): 585
596
    585     584 mission+  0.3  0.0  2184 S+   ./agent-app-leak
    596     585 mission+  1.6  1.3 223544 SNl+ ./agent-app-leak
PORT: OK - 15034 is listening

[Tue Jun  9 08:33:46 UTC 2026] --- Monitor Snapshot ---
PROCESS: OK - agent-app-leak running with PID(s): 585
596
    585     584 mission+  0.3  0.0  2184 S+   ./agent-app-leak
    596     585 mission+  1.7  1.5 249148 SNl+ ./agent-app-leak
PORT: OK - 15034 is listening

[Tue Jun  9 08:33:48 UTC 2026] --- Monitor Snapshot ---
PROCESS: OK - agent-app-leak running with PID(s): 585
596
    585     584 mission+  0.3  0.0  2184 S+   ./agent-app-leak
    596     585 mission+  1.5  1.5 249148 SNl+ ./agent-app-leak
PORT: OK - 15034 is listening

[Tue Jun  9 08:33:50 UTC 2026] --- Monitor Snapshot ---
PROCESS: OK - agent-app-leak running with PID(s): 585
596
    585     584 mission+  0.3  0.0  2184 S+   ./agent-app-leak
    596     585 mission+  1.6  1.6 274752 SNl+ ./agent-app-leak
PORT: OK - 15034 is listening

[Tue Jun  9 08:33:52 UTC 2026] --- Monitor Snapshot ---
PROCESS: OK - agent-app-leak running with PID(s): 585
596
    585     584 mission+  0.2  0.0  2184 S+   ./agent-app-leak
    596     585 mission+  1.6  1.8 300356 SNl+ ./agent-app-leak
PORT: OK - 15034 is listening

[Tue Jun  9 08:33:54 UTC 2026] --- Monitor Snapshot ---
PROCESS: OK - agent-app-leak running with PID(s): 585
596
    585     584 mission+  0.2  0.0  2184 S+   ./agent-app-leak
    596     585 mission+  1.5  1.8 300356 SNl+ ./agent-app-leak
PORT: OK - 15034 is listening

[Tue Jun  9 08:33:56 UTC 2026] --- Monitor Snapshot ---
PROCESS: OK - agent-app-leak running with PID(s): 585
596
    585     584 mission+  0.2  0.0  2184 S+   ./agent-app-leak
    596     585 mission+  1.6  0.1 18712 SNl+ ./agent-app-leak
PORT: OK - 15034 is listening

[Tue Jun  9 08:33:58 UTC 2026] --- Monitor Snapshot ---
PROCESS: OK - agent-app-leak running with PID(s): 585
596
    585     584 mission+  0.2  0.0  2184 S+   ./agent-app-leak
    596     585 mission+  1.5  0.1 18712 SNl+ ./agent-app-leak
PORT: OK - 15034 is listening

[Tue Jun  9 08:34:00 UTC 2026] --- Monitor Snapshot ---
PROCESS: OK - agent-app-leak running with PID(s): 585
596
    585     584 mission+  0.2  0.0  2184 S+   ./agent-app-leak
    596     585 mission+  1.6  0.2 44304 SNl+ ./agent-app-leak
PORT: OK - 15034 is listening

[Tue Jun  9 08:34:02 UTC 2026] --- Monitor Snapshot ---
PROCESS: OK - agent-app-leak running with PID(s): 585
596
    585     584 mission+  0.2  0.0  2184 S+   ./agent-app-leak
    596     585 mission+  1.6  0.2 44304 SNl+ ./agent-app-leak
PORT: OK - 15034 is listening

[Tue Jun  9 08:34:04 UTC 2026] --- Monitor Snapshot ---
PROCESS: OK - agent-app-leak running with PID(s): 585
596
    585     584 mission+  0.2  0.0  2184 S+   ./agent-app-leak
    596     585 mission+  1.5  0.4 69904 SNl+ ./agent-app-leak
PORT: OK - 15034 is listening

[Tue Jun  9 08:34:06 UTC 2026] --- Monitor Snapshot ---
PROCESS: OK - agent-app-leak running with PID(s): 585
596
    585     584 mission+  0.2  0.0  2184 S+   ./agent-app-leak
    596     585 mission+  1.6  0.5 95520 SNl+ ./agent-app-leak
PORT: OK - 15034 is listening

[Tue Jun  9 08:34:08 UTC 2026] --- Monitor Snapshot ---
PROCESS: OK - agent-app-leak running with PID(s): 585
596
    585     584 mission+  0.1  0.0  2184 S+   ./agent-app-leak
    596     585 mission+  1.5  0.5 95520 SNl+ ./agent-app-leak
PORT: OK - 15034 is listening

[Tue Jun  9 08:34:10 UTC 2026] --- Monitor Snapshot ---
PROCESS: OK - agent-app-leak running with PID(s): 585
596
    585     584 mission+  0.1  0.0  2184 S+   ./agent-app-leak
    596     585 mission+  1.5  0.7 121108 SNl+ ./agent-app-leak
PORT: OK - 15034 is listening

[Tue Jun  9 08:34:12 UTC 2026] --- Monitor Snapshot ---
PROCESS: OK - agent-app-leak running with PID(s): 585
596
    585     584 mission+  0.1  0.0  2184 S+   ./agent-app-leak
    596     585 mission+  1.6  0.8 146724 SNl+ ./agent-app-leak
PORT: OK - 15034 is listening

[Tue Jun  9 08:34:14 UTC 2026] --- Monitor Snapshot ---
PROCESS: OK - agent-app-leak running with PID(s): 585
596
    585     584 mission+  0.1  0.0  2184 S+   ./agent-app-leak
    596     585 mission+  1.6  0.8 146724 SNl+ ./agent-app-leak
PORT: OK - 15034 is listening

[Tue Jun  9 08:34:16 UTC 2026] --- Monitor Snapshot ---
PROCESS: OK - agent-app-leak running with PID(s): 585
596
    585     584 mission+  0.1  0.0  2184 S+   ./agent-app-leak
    596     585 mission+  1.6  1.0 172312 SNl+ ./agent-app-leak
PORT: OK - 15034 is listening

[Tue Jun  9 08:34:18 UTC 2026] --- Monitor Snapshot ---
PROCESS: OK - agent-app-leak running with PID(s): 585
596
    585     584 mission+  0.1  0.0  2184 S+   ./agent-app-leak
    596     585 mission+  1.6  1.2 197928 SNl+ ./agent-app-leak
PORT: OK - 15034 is listening

[Tue Jun  9 08:34:20 UTC 2026] --- Monitor Snapshot ---
PROCESS: OK - agent-app-leak running with PID(s): 585
596
    585     584 mission+  0.1  0.0  2184 S+   ./agent-app-leak
    596     585 mission+  1.6  1.2 197928 SNl+ ./agent-app-leak
PORT: OK - 15034 is listening

[Tue Jun  9 08:34:22 UTC 2026] --- Monitor Snapshot ---
PROCESS: OK - agent-app-leak running with PID(s): 585
596
    585     584 mission+  0.1  0.0  2184 S+   ./agent-app-leak
    596     585 mission+  1.6  1.3 223516 SNl+ ./agent-app-leak
PORT: OK - 15034 is listening

[Tue Jun  9 08:34:24 UTC 2026] --- Monitor Snapshot ---
PROCESS: OK - agent-app-leak running with PID(s): 585
596
    585     584 mission+  0.1  0.0  2184 S+   ./agent-app-leak
    596     585 mission+  1.6  1.5 249132 SNl+ ./agent-app-leak
PORT: OK - 15034 is listening

[Tue Jun  9 08:34:27 UTC 2026] --- Monitor Snapshot ---
PROCESS: OK - agent-app-leak running with PID(s): 585
596
    585     584 mission+  0.1  0.0  2160 S+   ./agent-app-leak
    596     585 mission+  1.6  1.4 242772 SNl+ ./agent-app-leak
PORT: OK - 15034 is listening

[Tue Jun  9 08:34:29 UTC 2026] --- Monitor Snapshot ---
PROCESS: OK - agent-app-leak running with PID(s): 585
596
    585     584 mission+  0.1  0.0  2160 S+   ./agent-app-leak
    596     585 mission+  1.5  1.6 268360 SNl+ ./agent-app-leak
PORT: OK - 15034 is listening

[Tue Jun  9 08:34:31 UTC 2026] --- Monitor Snapshot ---
PROCESS: OK - agent-app-leak running with PID(s): 585
596
    585     584 mission+  0.1  0.0  2160 S+   ./agent-app-leak
    596     585 mission+  1.5  1.7 293976 SNl+ ./agent-app-leak
PORT: OK - 15034 is listening

[Tue Jun  9 08:34:33 UTC 2026] --- Monitor Snapshot ---
PROCESS: OK - agent-app-leak running with PID(s): 585
596
    585     584 mission+  0.1  0.0  2160 S+   ./agent-app-leak
    596     585 mission+  1.5  1.7 293976 SNl+ ./agent-app-leak
PORT: OK - 15034 is listening

[Tue Jun  9 08:34:35 UTC 2026] --- Monitor Snapshot ---
PROCESS: OK - agent-app-leak running with PID(s): 585
596
    585     584 mission+  0.1  0.0  2160 S+   ./agent-app-leak
    596     585 mission+  1.5  0.3 63544 SNl+ ./agent-app-leak
PORT: OK - 15034 is listening

[Tue Jun  9 08:34:37 UTC 2026] --- Monitor Snapshot ---
PROCESS: OK - agent-app-leak running with PID(s): 585
596
    585     584 mission+  0.1  0.0  2160 S+   ./agent-app-leak
    596     585 mission+  1.4  0.3 63544 SNl+ ./agent-app-leak
PORT: OK - 15034 is listening

[Tue Jun  9 08:34:39 UTC 2026] --- Monitor Snapshot ---
PROCESS: OK - agent-app-leak running with PID(s): 585
596
    585     584 mission+  0.1  0.0  2160 S+   ./agent-app-leak
    596     585 mission+  1.4  0.3 63544 SNl+ ./agent-app-leak
PORT: OK - 15034 is listening

[Tue Jun  9 08:34:41 UTC 2026] --- Monitor Snapshot ---
PROCESS: OK - agent-app-leak running with PID(s): 585
596
    585     584 mission+  0.1  0.0  2160 S+   ./agent-app-leak
    596     585 mission+  1.4  0.3 63544 SNl+ ./agent-app-leak
PORT: OK - 15034 is listening

[Tue Jun  9 08:34:43 UTC 2026] --- Monitor Snapshot ---
PROCESS: OK - agent-app-leak running with PID(s): 585
596
    585     584 mission+  0.1  0.0  2160 S+   ./agent-app-leak
    596     585 mission+  1.4  0.3 63544 SNl+ ./agent-app-leak
PORT: OK - 15034 is listening

[Tue Jun  9 08:34:45 UTC 2026] --- Monitor Snapshot ---
PROCESS: OK - agent-app-leak running with PID(s): 585
596
    585     584 mission+  0.1  0.0  2160 S+   ./agent-app-leak
    596     585 mission+  1.4  0.5 89160 SNl+ ./agent-app-leak
PORT: OK - 15034 is listening

[Tue Jun  9 08:34:47 UTC 2026] --- Monitor Snapshot ---
PROCESS: OK - agent-app-leak running with PID(s): 585
596
    585     584 mission+  0.1  0.0  2160 S+   ./agent-app-leak
    596     585 mission+  1.4  0.5 89160 SNl+ ./agent-app-leak
PORT: OK - 15034 is listening

